Looking for git in: git
Using git 2.17.1 from git
> git rev-parse --show-toplevel
> git config --get commit.template
Open repository: /mnt/dust/STPProcessing/source
> git status -z -u
> git symbolic-ref --short HEAD
> git rev-parse v11dev
> git rev-parse --symbolic-full-name v11dev@{u}
> git rev-list --left-right v11dev...refs/remotes/origin/v11dev
> git show :VBFAnalysis/scripts/drawPlot.py
> git for-each-ref --format %(refname) %(objectname) --sort -committerdate
> git remote --verbose
> git check-ignore -z --stdin
> git check-ignore -z --stdin
git.stage 1
git.stage.scmResources 1
> git add -A -- /mnt/dust/STPProcessing/source/VBFAnalysis/src/VBFAnalysisAlg.cxx
> git status -z -u
> git symbolic-ref --short HEAD
> git rev-parse v11dev
> git rev-parse --symbolic-full-name v11dev@{u}
> git rev-list --left-right v11dev...refs/remotes/origin/v11dev
> git show :VBFAnalysis/scripts/drawPlot.py
> git for-each-ref --format %(refname) %(objectname) --sort -committerdate
> git remote --verbose
git.stage 1
git.stage.scmResources 1
> git add -A -- /mnt/dust/STPProcessing/source/VBFAnalysis/src/VBFAnalysisAlg.h
> git status -z -u
> git symbolic-ref --short HEAD
> git rev-parse v11dev
> git rev-parse --symbolic-full-name v11dev@{u}
> git rev-list --left-right v11dev...refs/remotes/origin/v11dev
> git for-each-ref --format %(refname) %(objectname) --sort -committerdate
> git remote --verbose
> git show :VBFAnalysis/scripts/drawPlot.py
> git commit --quiet --allow-empty-message --file -
> git status -z -u
> git symbolic-ref --short HEAD
> git rev-parse v11dev
> git rev-parse --symbolic-full-name v11dev@{u}
> git rev-list --left-right v11dev...refs/remotes/origin/v11dev
> git for-each-ref --format %(refname) %(objectname) --sort -committerdate
> git remote --verbose
> git config --get commit.template
> git show :VBFAnalysis/scripts/drawPlot.py
> git pull --tags origin v11dev
> git show :VBFAnalysis/scripts/drawPlot.py
From ssh://gitlab.cern.ch:7999/jvonahne/STPostProcessing
 * branch            v11dev     -> FETCH_HEAD
> git push origin v11dev:v11dev
> git show :VBFAnalysis/scripts/drawPlot.py
remote: 
remote: To create a merge request for v11dev, visit:        
remote:   https://gitlab.cern.ch/jvonahne/STPostProcessing/merge_requests/new?merge_request%5Bsource_branch%5D=v11dev        
remote: 
To ssh://gitlab.cern.ch:7999/jvonahne/STPostProcessing.git
   9259d41..5f4f285  v11dev -> v11dev
> git status -z -u
> git symbolic-ref --short HEAD
> git rev-parse v11dev
> git rev-parse --symbolic-full-name v11dev@{u}
> git rev-list --left-right v11dev...refs/remotes/origin/v11dev
> git for-each-ref --format %(refname) %(objectname) --sort -committerdate
> git remote --verbose
> git show :VBFAnalysis/scripts/drawPlot.py
