Starting Jedi Python language engine.
##########Linting Output - pylint##########
************* Module drawPlot
5,0,error,E0401:Unable to import 'ROOT'
7,0,error,E0401:Unable to import 'VBFAnalysis.ATLAS'
8,0,error,E0401:Unable to import 'VBFAnalysis.Style'
10,0,error,E0401:Unable to import 'VBFAnalysis.listSamples'

------------------------------------------------------------------
Your code has been rated at 9.16/10 (previous run: 9.16/10, +0.00)

##########Linting Output - pylint##########
************* Module makeHFinput
4,0,error,E0401:Unable to import 'ROOT'
5,0,error,E0401:Unable to import 'VBFAnalysis.systematics'

------------------------------------------------------------------
Your code has been rated at 9.66/10 (previous run: 9.62/10, +0.04)

##########Linting Output - pylint##########
************* Module drawPlot
5,0,error,E0401:Unable to import 'ROOT'
7,0,error,E0401:Unable to import 'VBFAnalysis.ATLAS'
8,0,error,E0401:Unable to import 'VBFAnalysis.Style'
10,0,error,E0401:Unable to import 'VBFAnalysis.listSamples'

------------------------------------------------------------------
Your code has been rated at 9.15/10 (previous run: 9.16/10, -0.01)

