[2018-11-02 12:13:48.744] [sharedprocess] [info] main {"machineId":"d8f885da367ef14f746da29baeb4e83211875d5f78a4f183d4e4fdecfe30e95e"}
[2018-11-02 12:13:49.959] [sharedprocess] [info] Scanned user extensions: 3
[2018-11-02 12:13:52.488] [sharedprocess] [info] Deleted from disk ms-vscode.cpptools-0.20.0
[2018-11-02 12:13:52.939] [sharedprocess] [info] Scanned system extensions: 71
[2018-11-02 12:13:55.560] [sharedprocess] [info] Scanned user extensions: 3
[2018-11-02 12:13:55.568] [sharedprocess] [info] Scanned user extensions: 3
[2018-11-02 12:13:55.586] [sharedprocess] [info] Scanned user extensions: 3
[2018-11-02 12:13:55.717] [sharedprocess] [info] Scanned system extensions: 71
[2018-11-02 12:13:55.725] [sharedprocess] [info] Scanned system extensions: 71
[2018-11-02 12:13:57.242] [sharedprocess] [info] Scanned user extensions: 3
[2018-11-02 12:14:28.757] [sharedprocess] [info] Starting to clean up unused language packs.
[2018-11-02 12:14:29.404] [sharedprocess] [info] Scanned user extensions: 3
[2018-11-02 12:14:29.437] [sharedprocess] [info] Scanned user extensions: 3
[2018-11-02 12:14:29.449] [sharedprocess] [info] Scanned user extensions: 3
[2018-11-02 12:14:29.700] [sharedprocess] [info] Scanned system extensions: 71
[2018-11-02 12:14:29.714] [sharedprocess] [info] Scanned system extensions: 71
[2018-11-02 12:14:30.121] [sharedprocess] [info] Scanned user extensions: 3
[2018-11-02 12:14:36.594] [sharedprocess] [info] Scanned user extensions: 3
[2018-11-02 12:14:36.703] [sharedprocess] [info] Scanned system extensions: 71
[2018-11-02 12:15:41.841] [sharedprocess] [info] Scanned user extensions: 3
[2018-11-02 12:15:41.849] [sharedprocess] [info] Scanned user extensions: 3
[2018-11-02 12:15:41.876] [sharedprocess] [info] Scanned user extensions: 3
[2018-11-02 12:15:42.130] [sharedprocess] [info] Scanned system extensions: 71
[2018-11-02 12:15:42.142] [sharedprocess] [info] Scanned system extensions: 71
[2018-11-02 12:15:42.638] [sharedprocess] [info] Scanned user extensions: 3
[2018-11-02 12:15:52.466] [sharedprocess] [info] Scanned user extensions: 3
[2018-11-02 12:15:52.587] [sharedprocess] [info] Scanned system extensions: 71
[2018-11-02 12:18:01.215] [sharedprocess] [info] Scanned user extensions: 3
[2018-11-02 12:18:01.249] [sharedprocess] [info] Scanned user extensions: 3
[2018-11-02 12:18:01.260] [sharedprocess] [info] Scanned user extensions: 3
[2018-11-02 12:18:01.477] [sharedprocess] [info] Scanned system extensions: 71
[2018-11-02 12:18:01.492] [sharedprocess] [info] Scanned system extensions: 71
[2018-11-02 12:18:02.204] [sharedprocess] [info] Scanned user extensions: 3
[2018-11-02 12:18:13.295] [sharedprocess] [info] Scanned user extensions: 3
[2018-11-02 12:18:13.355] [sharedprocess] [info] Scanned system extensions: 71
[2018-11-02 12:18:41.821] [sharedprocess] [info] Scanned user extensions: 3
[2018-11-02 12:18:41.896] [sharedprocess] [info] Scanned system extensions: 71
[2018-11-02 12:23:03.336] [sharedprocess] [info] Scanned user extensions: 3
[2018-11-02 12:28:03.426] [sharedprocess] [info] Scanned user extensions: 3
[2018-11-02 12:33:03.546] [sharedprocess] [info] Scanned user extensions: 3
[2018-11-02 12:38:03.846] [sharedprocess] [info] Scanned user extensions: 3
[2018-11-02 12:43:03.951] [sharedprocess] [info] Scanned user extensions: 3
[2018-11-02 12:48:04.038] [sharedprocess] [info] Scanned user extensions: 3
[2018-11-02 12:53:04.090] [sharedprocess] [info] Scanned user extensions: 3
[2018-11-02 12:58:04.133] [sharedprocess] [info] Scanned user extensions: 3
[2018-11-02 13:03:04.171] [sharedprocess] [info] Scanned user extensions: 3
[2018-11-02 13:08:04.202] [sharedprocess] [info] Scanned user extensions: 3
[2018-11-02 13:13:04.237] [sharedprocess] [info] Scanned user extensions: 3
[2018-11-02 13:18:04.424] [sharedprocess] [info] Scanned user extensions: 3
[2018-11-02 13:23:04.466] [sharedprocess] [info] Scanned user extensions: 3
[2018-11-02 13:28:11.792] [sharedprocess] [info] Scanned user extensions: 3
[2018-11-02 13:33:12.414] [sharedprocess] [info] Scanned user extensions: 3
[2018-11-02 13:38:12.457] [sharedprocess] [info] Scanned user extensions: 3
[2018-11-02 13:43:13.073] [sharedprocess] [info] Scanned user extensions: 3
[2018-11-02 13:48:13.141] [sharedprocess] [info] Scanned user extensions: 3
[2018-11-02 13:53:13.184] [sharedprocess] [info] Scanned user extensions: 3
[2018-11-02 13:58:13.215] [sharedprocess] [info] Scanned user extensions: 3
[2018-11-02 14:03:13.249] [sharedprocess] [info] Scanned user extensions: 3
[2018-11-02 14:08:13.290] [sharedprocess] [info] Scanned user extensions: 3
[2018-11-02 14:13:13.332] [sharedprocess] [info] Scanned user extensions: 3
[2018-11-02 14:18:13.692] [sharedprocess] [info] Scanned user extensions: 3
[2018-11-02 14:23:13.757] [sharedprocess] [info] Scanned user extensions: 3
[2018-11-02 14:28:13.799] [sharedprocess] [info] Scanned user extensions: 3
[2018-11-02 14:33:13.839] [sharedprocess] [info] Scanned user extensions: 3
[2018-11-02 14:38:13.880] [sharedprocess] [info] Scanned user extensions: 3
[2018-11-02 14:43:13.924] [sharedprocess] [info] Scanned user extensions: 3
