[2018-10-31 09:18:07.404] [sharedprocess] [info] main {"machineId":"d8f885da367ef14f746da29baeb4e83211875d5f78a4f183d4e4fdecfe30e95e"}
[2018-10-31 09:18:08.493] [sharedprocess] [info] Scanned user extensions: 3
[2018-10-31 09:18:12.832] [sharedprocess] [info] Deleted from disk ms-python.python-2018.9.1
[2018-10-31 09:18:12.852] [sharedprocess] [info] Scanned system extensions: 71
[2018-10-31 09:18:14.070] [sharedprocess] [info] Scanned user extensions: 3
[2018-10-31 09:18:14.090] [sharedprocess] [info] Scanned user extensions: 3
[2018-10-31 09:18:14.103] [sharedprocess] [info] Scanned user extensions: 3
[2018-10-31 09:18:14.258] [sharedprocess] [info] Scanned system extensions: 71
[2018-10-31 09:18:14.267] [sharedprocess] [info] Scanned system extensions: 71
[2018-10-31 09:18:15.873] [sharedprocess] [info] Scanned user extensions: 3
[2018-10-31 09:18:17.573] [sharedprocess] [info] Installing extension: cpptools
[2018-10-31 09:18:17.588] [sharedprocess] [info] Scanned user extensions: 3
[2018-10-31 09:18:18.913] [sharedprocess] [info] Downloaded extension: cpptools /tmp/9afab41e-9c7c-41a5-9196-fed06dba8cbe
[2018-10-31 09:18:21.099] [sharedprocess] [info] Extracted extension to /home/janik/.vscode/extensions/.ms-vscode.cpptools-0.20.0: ms-vscode.cpptools-0.20.0
[2018-10-31 09:18:21.099] [sharedprocess] [info] Renamed to /home/janik/.vscode/extensions/ms-vscode.cpptools-0.20.0
[2018-10-31 09:18:21.099] [sharedprocess] [info] Installation completed. ms-vscode.cpptools-0.20.0
[2018-10-31 09:18:21.163] [sharedprocess] [info] Extensions installed successfully: ms-vscode.cpptools
[2018-10-31 09:18:21.309] [sharedprocess] [info] Scanned user extensions: 3
[2018-10-31 09:18:21.373] [sharedprocess] [info] Scanned system extensions: 71
[2018-10-31 09:18:47.418] [sharedprocess] [info] Starting to clean up unused language packs.
[2018-10-31 09:19:37.196] [sharedprocess] [info] Scanned user extensions: 3
[2018-10-31 09:19:37.202] [sharedprocess] [info] Scanned user extensions: 3
[2018-10-31 09:19:37.249] [sharedprocess] [info] Scanned user extensions: 3
[2018-10-31 09:19:37.340] [sharedprocess] [info] Scanned user extensions: 3
[2018-10-31 09:19:40.281] [sharedprocess] [info] Scanned system extensions: 71
[2018-10-31 09:19:40.288] [sharedprocess] [info] Scanned system extensions: 71
[2018-10-31 09:24:38.512] [sharedprocess] [info] Scanned user extensions: 3
[2018-10-31 09:29:40.021] [sharedprocess] [info] Scanned user extensions: 3
[2018-10-31 09:34:42.072] [sharedprocess] [info] Scanned user extensions: 3
[2018-10-31 09:39:42.163] [sharedprocess] [info] Scanned user extensions: 3
[2018-10-31 09:44:42.206] [sharedprocess] [info] Scanned user extensions: 3
[2018-10-31 09:49:42.247] [sharedprocess] [info] Scanned user extensions: 3
[2018-10-31 09:54:42.292] [sharedprocess] [info] Scanned user extensions: 3
[2018-10-31 09:59:42.336] [sharedprocess] [info] Scanned user extensions: 3
[2018-10-31 10:04:42.376] [sharedprocess] [info] Scanned user extensions: 3
[2018-10-31 10:09:42.413] [sharedprocess] [info] Scanned user extensions: 3
[2018-10-31 10:14:42.485] [sharedprocess] [info] Scanned user extensions: 3
[2018-10-31 10:19:42.696] [sharedprocess] [info] Scanned user extensions: 3
[2018-10-31 10:24:42.745] [sharedprocess] [info] Scanned user extensions: 3
[2018-10-31 10:29:42.791] [sharedprocess] [info] Scanned user extensions: 3
[2018-10-31 10:34:42.834] [sharedprocess] [info] Scanned user extensions: 3
[2018-10-31 10:39:42.876] [sharedprocess] [info] Scanned user extensions: 3
[2018-10-31 10:44:42.992] [sharedprocess] [info] Scanned user extensions: 3
[2018-10-31 10:49:43.038] [sharedprocess] [info] Scanned user extensions: 3
[2018-10-31 10:54:43.075] [sharedprocess] [info] Scanned user extensions: 3
[2018-10-31 10:59:43.112] [sharedprocess] [info] Scanned user extensions: 3
[2018-10-31 11:04:43.158] [sharedprocess] [info] Scanned user extensions: 3
[2018-10-31 11:09:43.201] [sharedprocess] [info] Scanned user extensions: 3
[2018-10-31 11:14:43.304] [sharedprocess] [info] Scanned user extensions: 3
[2018-10-31 11:19:43.498] [sharedprocess] [info] Scanned user extensions: 3
[2018-10-31 11:24:43.540] [sharedprocess] [info] Scanned user extensions: 3
[2018-10-31 11:29:43.581] [sharedprocess] [info] Scanned user extensions: 3
[2018-10-31 11:34:43.622] [sharedprocess] [info] Scanned user extensions: 3
[2018-10-31 11:39:43.662] [sharedprocess] [info] Scanned user extensions: 3
[2018-10-31 11:44:44.443] [sharedprocess] [info] Scanned user extensions: 3
[2018-10-31 11:49:44.653] [sharedprocess] [info] Scanned user extensions: 3
[2018-10-31 11:54:46.354] [sharedprocess] [info] Scanned user extensions: 3
[2018-10-31 11:59:46.431] [sharedprocess] [info] Scanned user extensions: 3
[2018-10-31 12:04:46.470] [sharedprocess] [info] Scanned user extensions: 3
[2018-10-31 12:09:46.505] [sharedprocess] [info] Scanned user extensions: 3
[2018-10-31 12:14:46.546] [sharedprocess] [info] Scanned user extensions: 3
[2018-10-31 12:19:46.720] [sharedprocess] [info] Scanned user extensions: 3
[2018-10-31 12:24:46.762] [sharedprocess] [info] Scanned user extensions: 3
[2018-10-31 12:27:39.562] [sharedprocess] [info] Scanned user extensions: 3
[2018-10-31 12:27:39.590] [sharedprocess] [info] Scanned user extensions: 3
[2018-10-31 12:27:39.614] [sharedprocess] [info] Scanned user extensions: 3
[2018-10-31 12:27:41.901] [sharedprocess] [info] Scanned user extensions: 3
[2018-10-31 12:27:42.453] [sharedprocess] [info] Scanned system extensions: 71
[2018-10-31 12:27:42.462] [sharedprocess] [info] Scanned system extensions: 71
[2018-10-31 12:28:00.010] [sharedprocess] [info] Scanned user extensions: 3
[2018-10-31 12:28:00.106] [sharedprocess] [info] Scanned system extensions: 71
[2018-10-31 12:30:55.959] [sharedprocess] [info] Scanned user extensions: 3
[2018-10-31 12:30:55.998] [sharedprocess] [info] Scanned user extensions: 3
[2018-10-31 12:30:56.022] [sharedprocess] [info] Scanned user extensions: 3
[2018-10-31 12:30:56.269] [sharedprocess] [info] Scanned user extensions: 3
[2018-10-31 12:30:56.296] [sharedprocess] [info] Scanned system extensions: 71
[2018-10-31 12:30:56.308] [sharedprocess] [info] Scanned system extensions: 71
[2018-10-31 12:35:56.588] [sharedprocess] [info] Scanned user extensions: 3
[2018-10-31 12:40:56.626] [sharedprocess] [info] Scanned user extensions: 3
[2018-10-31 12:45:56.666] [sharedprocess] [info] Scanned user extensions: 3
[2018-10-31 12:50:56.707] [sharedprocess] [info] Scanned user extensions: 3
[2018-10-31 12:55:56.749] [sharedprocess] [info] Scanned user extensions: 3
[2018-10-31 13:00:56.788] [sharedprocess] [info] Scanned user extensions: 3
[2018-10-31 13:05:56.835] [sharedprocess] [info] Scanned user extensions: 3
[2018-10-31 13:10:56.877] [sharedprocess] [info] Scanned user extensions: 3
[2018-10-31 13:15:56.921] [sharedprocess] [info] Scanned user extensions: 3
[2018-10-31 13:16:24.289] [sharedprocess] [info] Scanned user extensions: 3
[2018-10-31 13:16:24.304] [sharedprocess] [info] Scanned user extensions: 3
[2018-10-31 13:16:26.105] [sharedprocess] [info] Scanned system extensions: 71
[2018-10-31 13:16:26.423] [sharedprocess] [info] Scanned user extensions: 3
[2018-10-31 13:16:26.557] [sharedprocess] [info] Scanned system extensions: 71
[2018-10-31 13:16:27.457] [sharedprocess] [info] Scanned user extensions: 3
[2018-10-31 13:21:27.676] [sharedprocess] [info] Scanned user extensions: 3
[2018-10-31 13:26:27.720] [sharedprocess] [info] Scanned user extensions: 3
[2018-10-31 13:31:27.766] [sharedprocess] [info] Scanned user extensions: 3
[2018-10-31 13:36:27.819] [sharedprocess] [info] Scanned user extensions: 3
[2018-10-31 13:41:27.865] [sharedprocess] [info] Scanned user extensions: 3
[2018-10-31 13:46:27.910] [sharedprocess] [info] Scanned user extensions: 3
[2018-10-31 13:51:27.957] [sharedprocess] [info] Scanned user extensions: 3
