[2018-11-01 10:08:51.819] [sharedprocess] [info] main {"machineId":"d8f885da367ef14f746da29baeb4e83211875d5f78a4f183d4e4fdecfe30e95e"}
[2018-11-01 10:08:52.805] [sharedprocess] [info] Scanned user extensions: 3
[2018-11-01 10:08:54.930] [sharedprocess] [info] Deleted from disk ms-vscode.cpptools-0.19.0
[2018-11-01 10:08:55.287] [sharedprocess] [info] Scanned system extensions: 71
[2018-11-01 10:08:57.342] [sharedprocess] [info] Scanned user extensions: 3
[2018-11-01 10:08:57.358] [sharedprocess] [info] Scanned user extensions: 3
[2018-11-01 10:08:57.371] [sharedprocess] [info] Scanned user extensions: 3
[2018-11-01 10:08:57.516] [sharedprocess] [info] Scanned system extensions: 71
[2018-11-01 10:08:57.524] [sharedprocess] [info] Scanned system extensions: 71
[2018-11-01 10:08:58.486] [sharedprocess] [info] Scanned user extensions: 3
[2018-11-01 10:08:59.915] [sharedprocess] [info] Installing extension: cpptools
[2018-11-01 10:08:59.931] [sharedprocess] [info] Scanned user extensions: 3
[2018-11-01 10:09:01.050] [sharedprocess] [info] Downloaded extension: cpptools /tmp/6a2304e8-0adb-4acb-8e29-13ad592e512c
[2018-11-01 10:09:03.164] [sharedprocess] [info] Extracted extension to /home/janik/.vscode/extensions/.ms-vscode.cpptools-0.20.1: ms-vscode.cpptools-0.20.1
[2018-11-01 10:09:03.164] [sharedprocess] [info] Renamed to /home/janik/.vscode/extensions/ms-vscode.cpptools-0.20.1
[2018-11-01 10:09:03.164] [sharedprocess] [info] Installation completed. ms-vscode.cpptools-0.20.1
[2018-11-01 10:09:03.284] [sharedprocess] [info] Extensions installed successfully: ms-vscode.cpptools
[2018-11-01 10:09:03.430] [sharedprocess] [info] Scanned user extensions: 3
[2018-11-01 10:09:03.495] [sharedprocess] [info] Scanned system extensions: 71
[2018-11-01 10:09:31.832] [sharedprocess] [info] Starting to clean up unused language packs.
[2018-11-01 10:10:06.951] [sharedprocess] [info] Scanned user extensions: 3
[2018-11-01 10:10:06.986] [sharedprocess] [info] Scanned user extensions: 3
[2018-11-01 10:10:07.019] [sharedprocess] [info] Scanned user extensions: 3
[2018-11-01 10:10:07.213] [sharedprocess] [info] Scanned user extensions: 3
[2018-11-01 10:10:07.275] [sharedprocess] [info] Scanned system extensions: 71
[2018-11-01 10:10:07.284] [sharedprocess] [info] Scanned system extensions: 71
[2018-11-01 10:15:07.255] [sharedprocess] [info] Scanned user extensions: 3
[2018-11-01 10:20:07.331] [sharedprocess] [info] Scanned user extensions: 3
[2018-11-01 10:25:07.371] [sharedprocess] [info] Scanned user extensions: 3
[2018-11-01 10:30:07.410] [sharedprocess] [info] Scanned user extensions: 3
[2018-11-01 10:35:07.452] [sharedprocess] [info] Scanned user extensions: 3
[2018-11-01 10:40:07.492] [sharedprocess] [info] Scanned user extensions: 3
[2018-11-01 10:45:07.533] [sharedprocess] [info] Scanned user extensions: 3
[2018-11-01 10:50:07.576] [sharedprocess] [info] Scanned user extensions: 3
[2018-11-01 10:55:07.614] [sharedprocess] [info] Scanned user extensions: 3
[2018-11-01 11:00:07.652] [sharedprocess] [info] Scanned user extensions: 3
[2018-11-01 11:05:07.859] [sharedprocess] [info] Scanned user extensions: 3
[2018-11-01 11:10:08.430] [sharedprocess] [info] Scanned user extensions: 3
[2018-11-01 11:15:08.477] [sharedprocess] [info] Scanned user extensions: 3
[2018-11-01 11:20:08.518] [sharedprocess] [info] Scanned user extensions: 3
[2018-11-01 11:25:08.564] [sharedprocess] [info] Scanned user extensions: 3
[2018-11-01 11:30:08.604] [sharedprocess] [info] Scanned user extensions: 3
[2018-11-01 11:35:08.670] [sharedprocess] [info] Scanned user extensions: 3
[2018-11-01 11:40:08.718] [sharedprocess] [info] Scanned user extensions: 3
[2018-11-01 11:45:08.759] [sharedprocess] [info] Scanned user extensions: 3
[2018-11-01 11:50:08.805] [sharedprocess] [info] Scanned user extensions: 3
[2018-11-01 11:55:08.857] [sharedprocess] [info] Scanned user extensions: 3
[2018-11-01 12:00:08.895] [sharedprocess] [info] Scanned user extensions: 3
[2018-11-01 12:05:08.943] [sharedprocess] [info] Scanned user extensions: 3
[2018-11-01 12:10:09.067] [sharedprocess] [info] Scanned user extensions: 3
[2018-11-01 12:15:09.110] [sharedprocess] [info] Scanned user extensions: 3
[2018-11-01 12:20:09.167] [sharedprocess] [info] Scanned user extensions: 3
[2018-11-01 12:25:09.210] [sharedprocess] [info] Scanned user extensions: 3
[2018-11-01 12:30:09.262] [sharedprocess] [info] Scanned user extensions: 3
[2018-11-01 12:35:09.297] [sharedprocess] [info] Scanned user extensions: 3
[2018-11-01 12:40:09.335] [sharedprocess] [info] Scanned user extensions: 3
[2018-11-01 12:45:09.373] [sharedprocess] [info] Scanned user extensions: 3
[2018-11-01 12:50:09.411] [sharedprocess] [info] Scanned user extensions: 3
[2018-11-01 12:55:09.450] [sharedprocess] [info] Scanned user extensions: 3
[2018-11-01 13:00:09.488] [sharedprocess] [info] Scanned user extensions: 3
[2018-11-01 13:05:09.533] [sharedprocess] [info] Scanned user extensions: 3
[2018-11-01 13:10:09.691] [sharedprocess] [info] Scanned user extensions: 3
[2018-11-01 13:15:09.734] [sharedprocess] [info] Scanned user extensions: 3
[2018-11-01 13:20:09.770] [sharedprocess] [info] Scanned user extensions: 3
[2018-11-01 13:25:09.808] [sharedprocess] [info] Scanned user extensions: 3
[2018-11-01 13:30:09.852] [sharedprocess] [info] Scanned user extensions: 3
[2018-11-01 13:35:09.889] [sharedprocess] [info] Scanned user extensions: 3
[2018-11-01 13:40:09.931] [sharedprocess] [info] Scanned user extensions: 3
[2018-11-01 13:45:09.970] [sharedprocess] [info] Scanned user extensions: 3
[2018-11-01 13:50:10.014] [sharedprocess] [info] Scanned user extensions: 3
[2018-11-01 13:55:10.055] [sharedprocess] [info] Scanned user extensions: 3
[2018-11-01 14:00:10.095] [sharedprocess] [info] Scanned user extensions: 3
[2018-11-01 14:05:10.136] [sharedprocess] [info] Scanned user extensions: 3
[2018-11-01 14:10:10.320] [sharedprocess] [info] Scanned user extensions: 3
[2018-11-01 14:15:10.357] [sharedprocess] [info] Scanned user extensions: 3
[2018-11-01 14:20:10.397] [sharedprocess] [info] Scanned user extensions: 3
[2018-11-01 14:25:10.437] [sharedprocess] [info] Scanned user extensions: 3
[2018-11-01 14:30:10.481] [sharedprocess] [info] Scanned user extensions: 3
[2018-11-01 14:35:10.524] [sharedprocess] [info] Scanned user extensions: 3
[2018-11-01 14:40:10.590] [sharedprocess] [info] Scanned user extensions: 3
[2018-11-01 14:45:10.661] [sharedprocess] [info] Scanned user extensions: 3
[2018-11-01 14:50:10.710] [sharedprocess] [info] Scanned user extensions: 3
[2018-11-01 14:55:10.747] [sharedprocess] [info] Scanned user extensions: 3
[2018-11-01 15:00:10.810] [sharedprocess] [info] Scanned user extensions: 3
[2018-11-01 15:05:10.845] [sharedprocess] [info] Scanned user extensions: 3
[2018-11-01 15:10:11.045] [sharedprocess] [info] Scanned user extensions: 3
[2018-11-01 15:15:11.091] [sharedprocess] [info] Scanned user extensions: 3
[2018-11-01 15:20:11.129] [sharedprocess] [info] Scanned user extensions: 3
[2018-11-01 15:25:11.175] [sharedprocess] [info] Scanned user extensions: 3
[2018-11-01 15:30:11.318] [sharedprocess] [info] Scanned user extensions: 3
[2018-11-01 15:35:11.356] [sharedprocess] [info] Scanned user extensions: 3
[2018-11-01 15:40:11.402] [sharedprocess] [info] Scanned user extensions: 3
[2018-11-01 15:45:11.442] [sharedprocess] [info] Scanned user extensions: 3
[2018-11-01 15:50:11.487] [sharedprocess] [info] Scanned user extensions: 3
[2018-11-01 15:55:11.531] [sharedprocess] [info] Scanned user extensions: 3
[2018-11-01 16:00:11.572] [sharedprocess] [info] Scanned user extensions: 3
[2018-11-01 16:05:11.619] [sharedprocess] [info] Scanned user extensions: 3
[2018-11-01 16:10:11.808] [sharedprocess] [info] Scanned user extensions: 3
[2018-11-01 16:15:11.865] [sharedprocess] [info] Scanned user extensions: 3
[2018-11-01 16:20:11.935] [sharedprocess] [info] Scanned user extensions: 3
[2018-11-01 16:25:11.967] [sharedprocess] [info] Scanned user extensions: 3
[2018-11-01 16:30:12.010] [sharedprocess] [info] Scanned user extensions: 3
[2018-11-01 16:35:12.054] [sharedprocess] [info] Scanned user extensions: 3
[2018-11-01 16:40:12.092] [sharedprocess] [info] Scanned user extensions: 3
[2018-11-01 16:45:12.129] [sharedprocess] [info] Scanned user extensions: 3
[2018-11-01 16:50:12.394] [sharedprocess] [info] Scanned user extensions: 3
[2018-11-01 16:55:12.433] [sharedprocess] [info] Scanned user extensions: 3
[2018-11-01 17:00:12.471] [sharedprocess] [info] Scanned user extensions: 3
[2018-11-01 17:05:12.508] [sharedprocess] [info] Scanned user extensions: 3
[2018-11-01 17:10:32.591] [sharedprocess] [info] Scanned user extensions: 3
[2018-11-01 17:15:32.982] [sharedprocess] [info] Scanned user extensions: 3
[2018-11-01 17:20:33.021] [sharedprocess] [info] Scanned user extensions: 3
[2018-11-01 17:25:33.068] [sharedprocess] [info] Scanned user extensions: 3
[2018-11-01 17:30:33.110] [sharedprocess] [info] Scanned user extensions: 3
[2018-11-01 17:35:33.151] [sharedprocess] [info] Scanned user extensions: 3
[2018-11-01 17:40:33.198] [sharedprocess] [info] Scanned user extensions: 3
[2018-11-01 17:45:33.236] [sharedprocess] [info] Scanned user extensions: 3
[2018-11-01 17:50:33.275] [sharedprocess] [info] Scanned user extensions: 3
[2018-11-01 17:55:33.311] [sharedprocess] [info] Scanned user extensions: 3
[2018-11-01 18:00:33.354] [sharedprocess] [info] Scanned user extensions: 3
[2018-11-01 18:05:33.399] [sharedprocess] [info] Scanned user extensions: 3
[2018-11-01 18:10:33.441] [sharedprocess] [info] Scanned user extensions: 3
[2018-11-01 18:15:33.704] [sharedprocess] [info] Scanned user extensions: 3
[2018-11-01 18:20:33.748] [sharedprocess] [info] Scanned user extensions: 3
[2018-11-01 18:25:33.794] [sharedprocess] [info] Scanned user extensions: 3
[2018-11-01 18:30:33.832] [sharedprocess] [info] Scanned user extensions: 3
[2018-11-01 18:35:33.869] [sharedprocess] [info] Scanned user extensions: 3
[2018-11-01 18:40:34.368] [sharedprocess] [info] Scanned user extensions: 3
[2018-11-01 18:45:34.529] [sharedprocess] [info] Scanned user extensions: 3
[2018-11-01 18:50:35.086] [sharedprocess] [info] Scanned user extensions: 3
[2018-11-01 18:55:37.257] [sharedprocess] [info] Scanned user extensions: 3
[2018-11-01 19:00:37.539] [sharedprocess] [info] Scanned user extensions: 3
