Looking for git in: git
Using git 2.17.1 from git
> git rev-parse --show-toplevel
> git config --get commit.template
Open repository: /mnt/dust/Scripts
> git status -z -u
> git symbolic-ref --short HEAD
> git rev-parse master
> git rev-parse --symbolic-full-name master@{u}
> git rev-list --left-right master...refs/remotes/origin/master
> git check-ignore -z --stdin
> git for-each-ref --format %(refname) %(objectname) --sort -committerdate
> git remote --verbose
> git show :HTCsubmit.py
git.stage 1
git.stage.scmResources 1
> git add -A -- /mnt/dust/Scripts/HTCsubmit.py
> git status -z -u
> git symbolic-ref --short HEAD
> git rev-parse master
> git rev-parse --symbolic-full-name master@{u}
> git rev-list --left-right master...refs/remotes/origin/master
> git for-each-ref --format %(refname) %(objectname) --sort -committerdate
> git remote --verbose
> git show :HTCsubmit.py
git.stage 1
git.stage.scmResources 1
> git add -A -- /mnt/dust/Scripts/Notes.txt
> git status -z -u
> git symbolic-ref --short HEAD
> git rev-parse master
> git rev-parse --symbolic-full-name master@{u}
> git rev-list --left-right master...refs/remotes/origin/master
> git for-each-ref --format %(refname) %(objectname) --sort -committerdate
> git remote --verbose
> git show :HTCsubmit.py
> git commit --quiet --allow-empty-message --file -
> git status -z -u
> git symbolic-ref --short HEAD
> git rev-parse master
> git rev-parse --symbolic-full-name master@{u}
> git rev-list --left-right master...refs/remotes/origin/master
> git for-each-ref --format %(refname) %(objectname) --sort -committerdate
> git remote --verbose
> git config --get commit.template
> git show :HTCsubmit.py
> git pull --tags origin master
> git show :HTCsubmit.py
From ssh://gitlab.cern.ch:7999/jvonahne/Scripts
 * branch            master     -> FETCH_HEAD
> git push origin master:master
> git show :HTCsubmit.py
To ssh://gitlab.cern.ch:7999/jvonahne/Scripts.git
   1cf191d..2aba8d5  master -> master
> git status -z -u
> git symbolic-ref --short HEAD
> git rev-parse master
> git rev-parse --symbolic-full-name master@{u}
> git rev-list --left-right master...refs/remotes/origin/master
> git for-each-ref --format %(refname) %(objectname) --sort -committerdate
> git remote --verbose
> git show :HTCsubmit.py
